2015-03-19 13:57:54.840 CordovaDemo[46138:830454] DiskCookieStorage changing policy from 2 to 0, cookie file: file:///Users/julian/Library/Developer/CoreSimulator/Devices/E2877403-5E4A-49F3-833F-1613FC751C5D/data/Containers/Data/Application/D597B41E-BAD9-4BAB-A6E8-C42723292E92/Library/Cookies/Cookies.binarycookies
2015-03-19 13:57:55.392 CordovaDemo[46138:830454] Apache Cordova native platform version 3.8.0 is starting.
2015-03-19 13:57:55.392 CordovaDemo[46138:830454] Multi-tasking -> Device: YES, App: YES
2015-03-19 13:57:55.441 CordovaDemo[46138:830454] Unlimited access to network resources
2015-03-19 13:57:55.465 CordovaDemo[46138:830454] 

Started backup to iCloud! Please be careful.
Your application might be rejected by Apple if you store too much data.
For more information please read "iOS Data Storage Guidelines" at:
https://developer.apple.com/icloud/documentation/data-storage/
To disable web storage backup to iCloud, set the BackupWebStorage preference to "local" in the Cordova config.xml file

2015-03-19 13:57:56.688 CordovaDemo[46138:830454] Resetting plugins due to page load.
2015-03-19 13:57:56.880 CordovaDemo[46138:830454] Finished load of: file:///Users/julian/Library/Developer/CoreSimulator/Devices/E2877403-5E4A-49F3-833F-1613FC751C5D/data/Containers/Bundle/Application/257703FD-1EA8-4504-A3D5-43908D3C7D03/CordovaDemo.app/www/index.html
2015-03-19 13:57:56.908 CordovaDemo[46138:830454] [PSPDFKit] License can't be parsed - invalid format.
2015-03-19 13:57:56.908 CordovaDemo[46138:830454] [PSPDFKit] Invalid license key. Failed to activate PSPDFKit for `com.pspdfkit.CordovaDemo`.
2015-03-19 13:57:56.909 CordovaDemo[46138:830454] ┌───────────────────────────────────────────────────────────────────────────────────┐
2015-03-19 13:57:56.909 CordovaDemo[46138:830454] │ Welcome to the evaluation version of PSPDFKit for iOS 4.3.3 (34749).              │
2015-03-19 13:57:56.910 CordovaDemo[46138:830454] │ This version is not for redistribution and is time-limited to 60 minutes.         │
2015-03-19 13:57:56.910 CordovaDemo[46138:830454] │                                                                                   │
2015-03-19 13:57:56.910 CordovaDemo[46138:830454] │ Your bundle identifier: com.pspdfkit.CordovaDemo                                  │
2015-03-19 13:57:56.910 CordovaDemo[46138:830454] │ API Documentation:  http://pspdfkit.com/documentation/                            │
2015-03-19 13:57:56.910 CordovaDemo[46138:830454] │ Further questions?  support@pspdfkit.com.                                         │
2015-03-19 13:57:56.910 CordovaDemo[46138:830454] │ Already a customer? Get your license key at http://customers.pspdfkit.com.        │
2015-03-19 13:57:56.910 CordovaDemo[46138:830454] └───────────────────────────────────────────────────────────────────────────────────┘
2015-03-19 13:57:57.006 CordovaDemo[46138:830454] [PSPDFKit] Warning: -[PSPDFDocumentProvider requestDocumentRefWithOwner:]/364 File at /Users/julian/Library/Developer/CoreSimulator/Devices/E2877403-5E4A-49F3-833F-1613FC751C5D/data/Containers/Bundle/Application/257703FD-1EA8-4504-A3D5-43908D3C7D03/CordovaDemo.app/www/pdf/castles.pdf does not exist.
2015-03-19 13:57:57.045 CordovaDemo[46138:830454] [PSPDFKit] Warning: -[PSPDFDocumentProvider requestDocumentRefWithOwner:]/340 Skipping document creation because it failed earlier.
2015-03-19 13:57:57.052 CordovaDemo[46138:830564] [PSPDFKit] Warning: -[PSPDFDocumentProvider requestDocumentRefWithOwner:]/340 Skipping document creation because it failed earlier.
2015-03-19 13:57:57.071 CordovaDemo[46138:830454] THREAD WARNING: ['PSPDFKitPlugin'] took '156.195801' ms. Plugin should use a background thread.
2015-03-19 13:57:57.084 CordovaDemo[46138:830564] [PSPDFKit] Warning: -[PSPDFDocumentProvider requestDocumentRefWithOwner:]/340 Skipping document creation because it failed earlier.
2015-03-19 13:57:57.101 CordovaDemo[46138:830564] [PSPDFKit] Warning: -[PSPDFDocumentProvider requestDocumentRefWithOwner:]/340 Skipping document creation because it failed earlier.
2015-03-19 13:57:57.101 CordovaDemo[46138:830564] [PSPDFKit] Warning: -[PSPDFDocumentProvider requestDocumentRefWithOwner:]/340 Skipping document creation because it failed earlier.
2015-03-19 13:57:57.102 CordovaDemo[46138:830564] [PSPDFKit] Warning: -[PSPDFDocumentProvider requestDocumentRefWithOwner:]/340 Skipping document creation because it failed earlier.
2015-03-19 13:57:57.118 CordovaDemo[46138:830564] [PSPDFKit] Error: -[PSPDFDocumentProvider requestPageRefForPageNumber:error:]/526 Code 210: documentRef is nil; cannot get pageRef for page 1.
2015-03-19 14:00:20.040 CordovaDemo[46359:849515] DiskCookieStorage changing policy from 2 to 0, cookie file: file:///Users/julian/Library/Developer/CoreSimulator/Devices/E2877403-5E4A-49F3-833F-1613FC751C5D/data/Containers/Data/Application/438F1FB5-9607-44E4-95F9-E2C21DC2D7E1/Library/Cookies/Cookies.binarycookies
2015-03-19 14:00:20.119 CordovaDemo[46359:849515] Apache Cordova native platform version 3.8.0 is starting.
2015-03-19 14:00:20.119 CordovaDemo[46359:849515] Multi-tasking -> Device: YES, App: YES
2015-03-19 14:00:20.120 CordovaDemo[46359:849515] Unlimited access to network resources
2015-03-19 14:00:20.123 CordovaDemo[46359:849515] 

Started backup to iCloud! Please be careful.
Your application might be rejected by Apple if you store too much data.
For more information please read "iOS Data Storage Guidelines" at:
https://developer.apple.com/icloud/documentation/data-storage/
To disable web storage backup to iCloud, set the BackupWebStorage preference to "local" in the Cordova config.xml file

2015-03-19 14:00:20.378 CordovaDemo[46359:849515] Resetting plugins due to page load.
2015-03-19 14:00:20.428 CordovaDemo[46359:849515] Finished load of: file:///Users/julian/Library/Developer/CoreSimulator/Devices/E2877403-5E4A-49F3-833F-1613FC751C5D/data/Containers/Bundle/Application/E6FF9BEB-1563-472D-9D89-D37FCC774C4D/CordovaDemo.app/www/index.html
2015-03-19 14:00:20.446 CordovaDemo[46359:849515] [PSPDFKit] License can't be parsed - invalid format.
2015-03-19 14:00:20.446 CordovaDemo[46359:849515] [PSPDFKit] Invalid license key. Failed to activate PSPDFKit for `com.pspdfkit.CordovaDemo`.
2015-03-19 14:00:20.446 CordovaDemo[46359:849515] ┌───────────────────────────────────────────────────────────────────────────────────┐
2015-03-19 14:00:20.447 CordovaDemo[46359:849515] │ Welcome to the evaluation version of PSPDFKit for iOS 4.3.3 (34749).              │
2015-03-19 14:00:20.447 CordovaDemo[46359:849515] │ This version is not for redistribution and is time-limited to 60 minutes.         │
2015-03-19 14:00:20.447 CordovaDemo[46359:849515] │                                                                                   │
2015-03-19 14:00:20.447 CordovaDemo[46359:849515] │ Your bundle identifier: com.pspdfkit.CordovaDemo                                  │
2015-03-19 14:00:20.447 CordovaDemo[46359:849515] │ API Documentation:  http://pspdfkit.com/documentation/                            │
2015-03-19 14:00:20.447 CordovaDemo[46359:849515] │ Further questions?  support@pspdfkit.com.                                         │
2015-03-19 14:00:20.447 CordovaDemo[46359:849515] │ Already a customer? Get your license key at http://customers.pspdfkit.com.        │
2015-03-19 14:00:20.447 CordovaDemo[46359:849515] └───────────────────────────────────────────────────────────────────────────────────┘
2015-03-19 14:00:20.514 CordovaDemo[46359:849515] THREAD WARNING: ['PSPDFKitPlugin'] took '61.672119' ms. Plugin should use a background thread.
2015-03-19 14:01:36.177 CordovaDemo[46517:859600] DiskCookieStorage changing policy from 2 to 0, cookie file: file:///Users/julian/Library/Developer/CoreSimulator/Devices/E2877403-5E4A-49F3-833F-1613FC751C5D/data/Containers/Data/Application/3E5A0C49-985A-4865-B70E-A35784F6A72E/Library/Cookies/Cookies.binarycookies
2015-03-19 14:01:36.256 CordovaDemo[46517:859600] Apache Cordova native platform version 3.8.0 is starting.
2015-03-19 14:01:36.256 CordovaDemo[46517:859600] Multi-tasking -> Device: YES, App: YES
2015-03-19 14:01:36.257 CordovaDemo[46517:859600] Unlimited access to network resources
2015-03-19 14:01:36.259 CordovaDemo[46517:859600] 

Started backup to iCloud! Please be careful.
Your application might be rejected by Apple if you store too much data.
For more information please read "iOS Data Storage Guidelines" at:
https://developer.apple.com/icloud/documentation/data-storage/
To disable web storage backup to iCloud, set the BackupWebStorage preference to "local" in the Cordova config.xml file

2015-03-19 14:01:36.509 CordovaDemo[46517:859600] Resetting plugins due to page load.
2015-03-19 14:01:36.560 CordovaDemo[46517:859600] Finished load of: file:///Users/julian/Library/Developer/CoreSimulator/Devices/E2877403-5E4A-49F3-833F-1613FC751C5D/data/Containers/Bundle/Application/3F609CBE-FBC2-4029-94BC-0F5A6A4F75D9/CordovaDemo.app/www/index.html
2015-03-19 14:01:36.578 CordovaDemo[46517:859600] [PSPDFKit] License can't be parsed - invalid format.
2015-03-19 14:01:36.578 CordovaDemo[46517:859600] [PSPDFKit] Invalid license key. Failed to activate PSPDFKit for `com.pspdfkit.CordovaDemo`.
2015-03-19 14:01:36.644 CordovaDemo[46517:859600] ┌───────────────────────────────────────────────────────────────────────────────────┐
2015-03-19 14:01:36.645 CordovaDemo[46517:859600] │ Welcome to the evaluation version of PSPDFKit for iOS 4.3.3 (34749).              │
2015-03-19 14:01:36.645 CordovaDemo[46517:859600] │ This version is not for redistribution and is time-limited to 60 minutes.         │
2015-03-19 14:01:36.645 CordovaDemo[46517:859600] │                                                                                   │
2015-03-19 14:01:36.645 CordovaDemo[46517:859600] │ Your bundle identifier: com.pspdfkit.CordovaDemo                                  │
2015-03-19 14:01:36.645 CordovaDemo[46517:859600] │ API Documentation:  http://pspdfkit.com/documentation/                            │
2015-03-19 14:01:36.646 CordovaDemo[46517:859600] │ Further questions?  support@pspdfkit.com.                                         │
2015-03-19 14:01:36.646 CordovaDemo[46517:859600] │ Already a customer? Get your license key at http://customers.pspdfkit.com.        │
2015-03-19 14:01:36.646 CordovaDemo[46517:859600] └───────────────────────────────────────────────────────────────────────────────────┘
2015-03-19 14:01:36.649 CordovaDemo[46517:859600] THREAD WARNING: ['PSPDFKitPlugin'] took '71.640869' ms. Plugin should use a background thread.
2015-03-19 14:01:36.705 CordovaDemo[46517:859600] THREAD WARNING: ['PSPDFKitPlugin'] took '53.102051' ms. Plugin should use a background thread.
2015-03-19 14:02:35.504 CordovaDemo[46675:866257] DiskCookieStorage changing policy from 2 to 0, cookie file: file:///Users/julian/Library/Developer/CoreSimulator/Devices/E2877403-5E4A-49F3-833F-1613FC751C5D/data/Containers/Data/Application/0BCB1283-2D1C-4894-AA3C-87E2FE17D879/Library/Cookies/Cookies.binarycookies
2015-03-19 14:02:35.592 CordovaDemo[46675:866257] Apache Cordova native platform version 3.8.0 is starting.
2015-03-19 14:02:35.592 CordovaDemo[46675:866257] Multi-tasking -> Device: YES, App: YES
2015-03-19 14:02:35.593 CordovaDemo[46675:866257] Unlimited access to network resources
2015-03-19 14:02:35.596 CordovaDemo[46675:866257] 

Started backup to iCloud! Please be careful.
Your application might be rejected by Apple if you store too much data.
For more information please read "iOS Data Storage Guidelines" at:
https://developer.apple.com/icloud/documentation/data-storage/
To disable web storage backup to iCloud, set the BackupWebStorage preference to "local" in the Cordova config.xml file

2015-03-19 14:02:35.856 CordovaDemo[46675:866257] Resetting plugins due to page load.
2015-03-19 14:02:35.909 CordovaDemo[46675:866257] Finished load of: file:///Users/julian/Library/Developer/CoreSimulator/Devices/E2877403-5E4A-49F3-833F-1613FC751C5D/data/Containers/Bundle/Application/67211312-8409-4D71-AC3C-D993C9890A55/CordovaDemo.app/www/index.html
2015-03-19 14:02:55.823 CordovaDemo[46744:868518] DiskCookieStorage changing policy from 2 to 0, cookie file: file:///Users/julian/Library/Developer/CoreSimulator/Devices/E2877403-5E4A-49F3-833F-1613FC751C5D/data/Containers/Data/Application/2CF8574D-8FE9-4B6D-BC02-5CF74564E33E/Library/Cookies/Cookies.binarycookies
2015-03-19 14:02:55.911 CordovaDemo[46744:868518] Apache Cordova native platform version 3.8.0 is starting.
2015-03-19 14:02:55.911 CordovaDemo[46744:868518] Multi-tasking -> Device: YES, App: YES
2015-03-19 14:02:55.912 CordovaDemo[46744:868518] Unlimited access to network resources
2015-03-19 14:02:55.914 CordovaDemo[46744:868518] 

Started backup to iCloud! Please be careful.
Your application might be rejected by Apple if you store too much data.
For more information please read "iOS Data Storage Guidelines" at:
https://developer.apple.com/icloud/documentation/data-storage/
To disable web storage backup to iCloud, set the BackupWebStorage preference to "local" in the Cordova config.xml file

2015-03-19 14:02:56.189 CordovaDemo[46744:868518] Resetting plugins due to page load.
2015-03-19 14:02:56.238 CordovaDemo[46744:868518] Finished load of: file:///Users/julian/Library/Developer/CoreSimulator/Devices/E2877403-5E4A-49F3-833F-1613FC751C5D/data/Containers/Bundle/Application/5283DA5E-8447-4DB4-9348-5C9A130EF10F/CordovaDemo.app/www/index.html
2015-03-19 14:03:13.311 CordovaDemo[46877:869632] DiskCookieStorage changing policy from 2 to 0, cookie file: file:///Users/julian/Library/Developer/CoreSimulator/Devices/E2877403-5E4A-49F3-833F-1613FC751C5D/data/Containers/Data/Application/8244A363-EEAF-41F1-A5C8-2DAABA1541FD/Library/Cookies/Cookies.binarycookies
2015-03-19 14:03:13.407 CordovaDemo[46877:869632] Apache Cordova native platform version 3.8.0 is starting.
2015-03-19 14:03:13.407 CordovaDemo[46877:869632] Multi-tasking -> Device: YES, App: YES
2015-03-19 14:03:13.409 CordovaDemo[46877:869632] Unlimited access to network resources
2015-03-19 14:03:13.410 CordovaDemo[46877:869632] 

Started backup to iCloud! Please be careful.
Your application might be rejected by Apple if you store too much data.
For more information please read "iOS Data Storage Guidelines" at:
https://developer.apple.com/icloud/documentation/data-storage/
To disable web storage backup to iCloud, set the BackupWebStorage preference to "local" in the Cordova config.xml file

2015-03-19 14:03:13.665 CordovaDemo[46877:869632] Resetting plugins due to page load.
2015-03-19 14:03:13.726 CordovaDemo[46877:869632] Finished load of: file:///Users/julian/Library/Developer/CoreSimulator/Devices/E2877403-5E4A-49F3-833F-1613FC751C5D/data/Containers/Bundle/Application/6FC89230-213B-4F60-AEA0-045101FF13A9/CordovaDemo.app/www/index.html
2015-03-19 14:03:13.744 CordovaDemo[46877:869632] [PSPDFKit] License can't be parsed - invalid format.
2015-03-19 14:03:13.744 CordovaDemo[46877:869632] [PSPDFKit] Invalid license key. Failed to activate PSPDFKit for `com.pspdfkit.CordovaDemo`.
2015-03-19 14:03:13.744 CordovaDemo[46877:869632] ┌───────────────────────────────────────────────────────────────────────────────────┐
2015-03-19 14:03:13.745 CordovaDemo[46877:869632] │ Welcome to the evaluation version of PSPDFKit for iOS 4.3.3 (34749).              │
2015-03-19 14:03:13.745 CordovaDemo[46877:869632] │ This version is not for redistribution and is time-limited to 60 minutes.         │
2015-03-19 14:03:13.745 CordovaDemo[46877:869632] │                                                                                   │
2015-03-19 14:03:13.745 CordovaDemo[46877:869632] │ Your bundle identifier: com.pspdfkit.CordovaDemo                                  │
2015-03-19 14:03:13.745 CordovaDemo[46877:869632] │ API Documentation:  http://pspdfkit.com/documentation/                            │
2015-03-19 14:03:13.745 CordovaDemo[46877:869632] │ Further questions?  support@pspdfkit.com.                                         │
2015-03-19 14:03:13.745 CordovaDemo[46877:869632] │ Already a customer? Get your license key at http://customers.pspdfkit.com.        │
2015-03-19 14:03:13.746 CordovaDemo[46877:869632] └───────────────────────────────────────────────────────────────────────────────────┘
2015-03-19 14:03:13.799 CordovaDemo[46877:869632] THREAD WARNING: ['PSPDFKitPlugin'] took '50.568848' ms. Plugin should use a background thread.
